[2023-07-13 13:55:00] Użytkownik Rafal Pezda wykonał operację: Logowanie
[2023-07-13 13:57:20] Użytkownik Rafal Pezda wykonał operację: Logowanie
[2023-07-13 13:57:35] Użytkownik Darek Kowalik wykonał operację: Logowanie
[2023-07-13 13:59:32] Użytkownik  wykonał operację: Logowanie
[2023-07-13 14:01:36] Użytkownik  wykonał operację: Logowanie
[2023-07-13 14:03:10] Użytkownik Darek Kowalik wykonał operację: Logowanie
[2023-07-13 14:03:10] Użytkownik Darek Kowalik wykonał operację: Logowanie
[2023-07-13 14:03:12] Użytkownik Darek Kowalik wykonał operację: Logowanie
[2023-07-13 14:06:04] Użytkownik Rafal Pezda wykonał operację: Logowanie
[2023-07-13 14:06:16] Użytkownik  wykonał operację: Wylogowanie
[2023-07-13 14:06:27] Użytkownik Rafal Pezda wykonał operację: Logowanie
[2023-07-13 14:06:48] Użytkownik  wykonał operację: Wylogowanie
[2023-07-13 14:06:55] Użytkownik Rafal Pezda wykonał operację: Logowanie
[2023-07-13 14:07:38] Użytkownik Rafal Pezda wykonał operację: Logowanie
[2023-07-13 14:07:42] Użytkownik Rafal Pezda wykonał operację: Logowanie
[2023-07-13 14:07:42] Użytkownik  wykonał operację: Wylogowanie
[2023-07-13 14:07:53] Użytkownik Rafal Pezda wykonał operację: Logowanie
[2023-07-13 14:08:22] Użytkownik Rafal Pezda wykonał operację: Logowanie
[2023-07-13 14:08:22] Użytkownik Rafal Pezda wykonał operację: Wylogowanie
[2023-07-13 14:08:37] Użytkownik Rafal Pezda wykonał operację: Logowanie
[2023-07-13 14:11:20] Użytkownik Rafal Pezda wykonał operację: Logowanie
[2023-07-13 14:13:09] Użytkownik Rafal Pezda wykonał operację: Logowanie
[2023-07-13 14:13:11] Użytkownik Rafal Pezda wykonał operację: Logowanie
[2023-07-13 14:13:21] Użytkownik Rafal Pezda wykonał operację: Logowanie
[2023-07-13 14:13:21] Użytkownik Rafal Pezda wykonał operację: Dodał użytkownikowi:ssdsd sdkskds
[2023-07-13 14:13:23] Użytkownik Rafal Pezda wykonał operację: Logowanie
[2023-07-13 14:16:51] Użytkownik Rafal Pezda wykonał operację: Zmiana statusu użytkownikowi o ID:8
[2023-07-13 14:17:19] Użytkownik Rafal Pezda wykonał operację: Zmiana statusu użytkownikowi o ID:8
[2023-07-13 14:42:31] Użytkownik Rafal Pezda wykonał operację: dodania komentarza w aplikacji messer: cos
[2023-07-13 14:56:51] Użytkownik Rafal Pezda wykonał operację: Zmienił status detalu: 629P1-10
[2023-07-13 14:57:00] Użytkownik Rafal Pezda wykonał operację: Zmienił status detalu: 629P1-10
[2023-07-13 14:57:17] Użytkownik Rafal Pezda wykonał operację: Zaktualizował aplikację parts: 629P1-10
[2023-07-13 14:57:37] Użytkownik Rafal Pezda wykonał operację: Wylogowanie
[2023-07-13 14:58:15] Użytkownik Tomasz Prus wykonał operację: Zaktualizował aplikację parts: 629P1-12
[2023-07-13 14:59:08] Użytkownik Rafal Pezda wykonał operację: Logowanie
[2023-07-13 14:59:43] Użytkownik Rafal Pezda wykonał operację: Usunięcię konta użytkownikowi o ID:28
