[2023-12-22 09:50:29],wykonano,update w aplikacji messer o id: 4548
[2023-12-22 09:51:31],zla jakosc faz,update w aplikacji messer o id: 4318
[2024-01-26 11:21:25],,update w aplikacji messer o id: 
[2024-01-26 11:21:28],,update w aplikacji messer o id: 
[2024-01-26 11:21:30],,update w aplikacji messer o id: 
[2024-01-26 11:21:40],,update w aplikacji messer o id: 
[2024-01-26 11:21:41],,update w aplikacji messer o id: 
[2024-01-26 11:22:27],nie znaleziono arkusza,update w aplikacji messer o id: 4678
[2024-01-26 11:24:13],zla jakosc otworow,update w aplikacji messer o id: 4678
[2024-01-26 11:30:39],nie znaleziono arkusza,update w aplikacji messer o id: 4678
[2024-01-26 11:30:50],nie znaleziono arkusza,update w aplikacji messer o id: 4678
[2024-01-26 11:34:59],zla jakosc otworow,update w aplikacji messer o id: 4678
[2024-01-26 11:37:18],zla jakosc faz,update w aplikacji messer o id: 4678
[2024-01-26 11:41:27],inne,update w aplikacji messer o id: 4678
[2024-01-26 11:42:49],zla jakosc otworow,update w aplikacji messer o id: 4678
[2024-01-26 11:44:11],nie znaleziono arkusza,update w aplikacji messer o id: 4678
[2024-01-26 11:46:37],zla jakosc otworow,update w aplikacji messer o id: 4678
[2024-01-26 11:49:49],zla jakosc otworow,update w aplikacji messer o id: 4678
[2024-01-26 11:57:42],nie znaleziono arkusza,update w aplikacji messer o id: 4678
[2024-01-26 12:19:56],nie znaleziono arkusza,update w aplikacji messer o id: 4678
[2024-01-26 12:31:24],nie znaleziono arkusza,update w aplikacji messer o id: 4679
[2024-01-26 13:30:48],Rafal Pezda,Sortowanie w aplikacji messer
